<?xml version="1.0" encoding="UTF-8"?>
<!-- Generated by org.testng.reporters.JUnitReportReporter -->
<testsuite skipped="1" hostname="LUK-PC0DLURT" name="NationalRail.TrainSearchStrings" tests="1" failures="0" timestamp="18 Jan 2018 12:34:13 GMT" time="0.000" errors="0">
  <testcase name="searchProperties" time="0.000" classname="NationalRail.TrainSearchStrings">
    <skipped/>
  </testcase> <!-- searchProperties -->
</testsuite> <!-- NationalRail.TrainSearchStrings -->
