<?xml version="1.0" encoding="UTF-8"?>
<!-- Generated by org.testng.reporters.JUnitReportReporter -->
<testsuite skipped="0" hostname="LUK-PC0DLURT" name="NationalRail.practiceTest" tests="1" failures="0" timestamp="18 Jan 2018 10:58:10 GMT" time="14.840" errors="0">
  <testcase name="name" time="14.840" classname="NationalRail.practiceTest"/>
</testsuite> <!-- NationalRail.practiceTest -->
