<?xml version="1.0" encoding="UTF-8"?>
<!-- Generated by org.testng.reporters.JUnitReportReporter -->
<testsuite skipped="0" hostname="LUK-PC0DLURT" name="ExtentReportsFireFox.LoadSiteTrainLine" tests="1" failures="0" timestamp="05 Dec 2017 10:53:00 GMT" time="11.854" errors="0">
  <testcase name="confirmTitle" time="11.854" classname="ExtentReportsFireFox.LoadSiteTrainLine"/>
</testsuite> <!-- ExtentReportsFireFox.LoadSiteTrainLine -->
