<?xml version="1.0" encoding="UTF-8"?>
<!-- Generated by org.testng.reporters.JUnitReportReporter -->
<testsuite skipped="0" hostname="LUK-PC0DLURT" name="ExtentReportsFireFox.SkyScannerTitle" tests="2" failures="0" timestamp="05 Dec 2017 10:59:31 GMT" time="0.481" errors="0">
  <testcase name="confirmTitle" time="0.410" classname="ExtentReportsFireFox.SkyScannerTitle"/>
  <testcase name="confirmTitlee" time="0.071" classname="ExtentReportsFireFox.SkyScannerTitle"/>
</testsuite> <!-- ExtentReportsFireFox.SkyScannerTitle -->
