<?xml version="1.0" encoding="UTF-8"?>
<!-- Generated by org.testng.reporters.JUnitReportReporter -->
<testsuite skipped="0" hostname="LUK-PC0DLURT" name="skyScanner.Flights" tests="1" failures="0" timestamp="19 Jan 2018 12:33:00 GMT" time="45.055" errors="0">
  <testcase name="searchProperties" time="45.055" classname="skyScanner.Flights"/>
</testsuite> <!-- skyScanner.Flights -->
