<?xml version="1.0" encoding="UTF-8"?>
<!-- Generated by org.testng.reporters.JUnitReportReporter -->
<testsuite skipped="0" hostname="LUK-PC0DLURT" name="zoopla.HouseSearchCOPY" tests="1" failures="0" timestamp="05 Jan 2018 11:56:41 GMT" time="7.698" errors="0">
  <testcase name="searchProperties" time="7.698" classname="zoopla.HouseSearchCOPY"/>
</testsuite> <!-- zoopla.HouseSearchCOPY -->
