<?xml version="1.0" encoding="UTF-8"?>
<!-- Generated by org.testng.reporters.JUnitReportReporter -->
<testsuite skipped="0" hostname="LUK-PC0DLURT" name="Lib.dropdown" tests="1" failures="0" timestamp="18 Jan 2018 14:27:10 GMT" time="9.652" errors="0">
  <testcase name="dropdownFacebook" time="9.652" classname="Lib.dropdown"/>
</testsuite> <!-- Lib.dropdown -->
