<?xml version="1.0" encoding="UTF-8"?>
<!-- Generated by org.testng.reporters.JUnitReportReporter -->
<testsuite skipped="0" hostname="LUK-PC0DLURT" name="headless.PhantomJS" tests="1" failures="0" timestamp="21 Aug 2019 14:18:53 GMT" time="6.656" errors="0">
  <testcase name="FacebookTitle" time="6.656" classname="headless.PhantomJS"/>
</testsuite> <!-- headless.PhantomJS -->
