<?xml version="1.0" encoding="UTF-8"?>
<!-- Generated by org.testng.reporters.JUnitReportReporter -->
<testsuite skipped="0" hostname="LUK-PC0DLURT" name="RoyalMail.HomePage" tests="1" failures="0" timestamp="29 Jan 2018 16:02:38 GMT" time="8.628" errors="0">
  <testcase name="buyAmobile" time="8.628" classname="RoyalMail.HomePage"/>
</testsuite> <!-- RoyalMail.HomePage -->
