<?xml version="1.0" encoding="UTF-8"?>
<!-- Generated by org.testng.reporters.JUnitReportReporter -->
<testsuite skipped="0" hostname="LUK-PC0DLURT" name="RoyalMail.TestTest" tests="1" failures="0" timestamp="24 Jan 2018 14:30:40 GMT" time="47.886" errors="0">
  <testcase name="buyprintpostage" time="47.886" classname="RoyalMail.TestTest"/>
</testsuite> <!-- RoyalMail.TestTest -->
