<?xml version="1.0" encoding="UTF-8"?>
<!-- Generated by org.testng.reporters.JUnitReportReporter -->
<testsuite skipped="0" hostname="LUK-PC0DLURT" name="ExtentReports.TrainTickets" tests="8" failures="0" timestamp="13 Dec 2017 14:04:07 GMT" time="97.979" errors="0">
  <testcase name="bookTrainTicket" time="13.343" classname="ExtentReports.TrainTickets"/>
  <testcase name="bookTrainTicket" time="11.553" classname="ExtentReports.TrainTickets"/>
  <testcase name="bookTrainTicket" time="12.831" classname="ExtentReports.TrainTickets"/>
  <testcase name="bookTrainTicket" time="12.517" classname="ExtentReports.TrainTickets"/>
  <testcase name="bookTrainTicket" time="13.007" classname="ExtentReports.TrainTickets"/>
  <testcase name="bookTrainTicket" time="12.114" classname="ExtentReports.TrainTickets"/>
  <testcase name="bookTrainTicket" time="11.470" classname="ExtentReports.TrainTickets"/>
  <testcase name="bookTrainTicket" time="11.144" classname="ExtentReports.TrainTickets"/>
</testsuite> <!-- ExtentReports.TrainTickets -->
