<?xml version="1.0" encoding="UTF-8"?>
<!-- Generated by org.testng.reporters.JUnitReportReporter -->
<testsuite skipped="0" hostname="LUK-PC0DLURT" name="zoopla.HouseSearch" tests="1" failures="0" timestamp="17 Jan 2018 16:40:40 GMT" time="8.558" errors="0">
  <testcase name="searchProperties" time="8.558" classname="zoopla.HouseSearch"/>
</testsuite> <!-- zoopla.HouseSearch -->
