<?xml version="1.0" encoding="UTF-8"?>
<!-- Generated by org.testng.reporters.JUnitReportReporter -->
<testsuite skipped="0" hostname="LUK-PC0DLURT" name="NationalRail.Login" tests="1" failures="0" timestamp="18 Jan 2018 11:02:40 GMT" time="8.708" errors="0">
  <testcase name="login" time="8.708" classname="NationalRail.Login"/>
</testsuite> <!-- NationalRail.Login -->
