<?xml version="1.0" encoding="UTF-8"?>
<!-- Generated by org.testng.reporters.JUnitReportReporter -->
<testsuite skipped="0" hostname="LUK-PC0DLURT" name="RoyalMail.BuyPrintPostage" tests="1" failures="0" timestamp="29 Jan 2018 16:02:38 GMT" time="61.424" errors="0">
  <testcase name="buyprintpostage" time="61.424" classname="RoyalMail.BuyPrintPostage"/>
</testsuite> <!-- RoyalMail.BuyPrintPostage -->
