<?xml version="1.0" encoding="UTF-8"?>
<!-- Generated by org.testng.reporters.JUnitReportReporter -->
<testsuite skipped="0" hostname="LUK-PC0DLURT" name="CheckList.DatePickerDemo" tests="1" failures="0" timestamp="10 Jan 2018 11:01:48 GMT" time="55.622" errors="0">
  <testcase name="xxxx" time="55.622" classname="CheckList.DatePickerDemo"/>
</testsuite> <!-- CheckList.DatePickerDemo -->
