<?xml version="1.0" encoding="UTF-8"?>
<!-- Generated by org.testng.reporters.JUnitReportReporter -->
<testsuite skipped="0" hostname="LUK-PC0DLURT" name="NationalRail.homePage" tests="1" failures="0" timestamp="31 Aug 2018 10:31:00 GMT" time="1.841" errors="0">
  <testcase name="verifyTitle" time="1.841" classname="NationalRail.homePage"/>
</testsuite> <!-- NationalRail.homePage -->
