<?xml version="1.0" encoding="UTF-8"?>
<!-- Generated by org.testng.reporters.JUnitReportReporter -->
<testsuite skipped="1" hostname="LUK-PC0DLURT" name="expenses.NavisionMay18" tests="1" failures="0" timestamp="01 May 2018 07:25:15 GMT" time="0.000" errors="0">
  <testcase name="entries" time="0.000" classname="expenses.NavisionMay18">
    <skipped/>
  </testcase> <!-- entries -->
</testsuite> <!-- expenses.NavisionMay18 -->
