<?xml version="1.0" encoding="UTF-8"?>
<!-- Generated by org.testng.reporters.JUnitReportReporter -->
<testsuite skipped="1" hostname="LUK-PC0DLURT" name="expenses.Navision2" tests="1" failures="0" timestamp="13 Aug 2019 13:08:17 GMT" time="0.000" errors="0">
  <testcase name="name1" time="0.000" classname="expenses.Navision2">
    <skipped/>
  </testcase> <!-- name1 -->
</testsuite> <!-- expenses.Navision2 -->
