<?xml version="1.0" encoding="UTF-8"?>
<!-- Generated by org.testng.reporters.JUnitReportReporter -->
<testsuite skipped="1" hostname="LUK-PC0DLURT" name="expenses.NavisionScroll" tests="1" failures="0" timestamp="01 May 2018 07:27:50 GMT" time="0.000" errors="0">
  <testcase name="name1" time="0.000" classname="expenses.NavisionScroll">
    <skipped/>
  </testcase> <!-- name1 -->
</testsuite> <!-- expenses.NavisionScroll -->
