<?xml version="1.0" encoding="UTF-8"?>
<!-- Generated by org.testng.reporters.JUnitReportReporter -->
<testsuite skipped="0" hostname="LUK-PC0DLURT" name="zoopla.TestTest" tests="1" failures="0" timestamp="08 Jan 2018 11:07:50 GMT" time="0.012" errors="0">
  <testcase name="marcdarrie" time="0.012" classname="zoopla.TestTest"/>
</testsuite> <!-- zoopla.TestTest -->
