<?xml version="1.0" encoding="UTF-8"?>
<!-- Generated by org.testng.reporters.JUnitReportReporter -->
<testsuite skipped="0" hostname="LUK-PC0DLURT" name="ExtentReports.LoadSiteTrainLine" tests="1" failures="0" timestamp="13 Dec 2017 14:04:07 GMT" time="13.382" errors="0">
  <testcase name="confirmTitle" time="13.382" classname="ExtentReports.LoadSiteTrainLine"/>
</testsuite> <!-- ExtentReports.LoadSiteTrainLine -->
